<?xml version="1.0" encoding="UTF-8"?>
<testsuite xmlns:xsi="http://www.w3.org/2001/XMLSchema-instance" xsi:noNamespaceSchemaLocation="https://maven.apache.org/surefire/maven-surefire-plugin/xsd/surefire-test-report-3.0.xsd" version="3.0" name="org.example.StudentTest" time="0.046" tests="34" errors="0" skipped="0" failures="0">
  <properties>
[...]
</properties>
  <testcase name="testFlowCollectToList" classname="org.example.StudentTest" time="0.013"/>
  <testcase name="testAddDoubleGrades" classname="org.example.StudentTest" time="0.001"/>
  <testcase name="testChangeNameToEmptyString" classname="org.example.StudentTest" time="0.001"/>
  <testcase name="testAddInvalidGradeThrowsError" classname="org.example.StudentTest" time="0.001"/>
  <testcase name="testRemoveGradeThatDoesNotExist" classname="org.example.StudentTest" time="0.0"/>
  <testcase name="testFlowFilterAndReduce" classname="org.example.StudentTest" time="0.001"/>
  <testcase name="testConstructorRejectsInvalidGrade" classname="org.example.StudentTest" time="0.001"/>
  <testcase name="testEqualsWithNullAndDifferentType" classname="org.example.StudentTest" time="0.001"/>
  <testcase name="testFlowEmptyReduce" classname="org.example.StudentTest" time="0.0"/>
  <testcase name="testFlowFunctionAndReduce" classname="org.example.StudentTest" time="0.0"/>
  <testcase name="testFlowIterateGeneration" classname="org.example.StudentTest" time="0.001"/>
  <testcase name="testToString" classname="org.example.StudentTest" time="0.002"/>
  <testcase name="testFlowCollectEmpty" classname="org.example.StudentTest" time="0.001"/>
  <testcase name="testRemoveGrade" classname="org.example.StudentTest" time="0.0"/>
  <testcase name="testUndoLastAction" classname="org.example.StudentTest" time="0.0"/>
  <testcase name="testEmptyNameThrowsError" classname="org.example.StudentTest" time="0.001"/>
  <testcase name="testAddGrade" classname="org.example.StudentTest" time="0.0"/>
  <testcase name="testGetName" classname="org.example.StudentTest" time="0.001"/>
  <testcase name="testConstructorWithValidGrades" classname="org.example.StudentTest" time="0.0"/>
  <testcase name="testHashCodeConsistency" classname="org.example.StudentTest" time="0.001"/>
  <testcase name="testToStringWithGrades" classname="org.example.StudentTest" time="0.0"/>
  <testcase name="testStudentCreation" classname="org.example.StudentTest" time="0.001"/>
  <testcase name="testMultipleRestores" classname="org.example.StudentTest" time="0.0"/>
  <testcase name="testRestoreOnEmptyHistoryDoesNothing" classname="org.example.StudentTest" time="0.001"/>
  <testcase name="testApplyActionAddRemoveGrade" classname="org.example.StudentTest" time="0.0"/>
  <testcase name="testConstructorWithDefaultGradeValidation" classname="org.example.StudentTest" time="0.0"/>
  <testcase name="testToStringEmptyGrades" classname="org.example.StudentTest" time="0.0"/>
  <testcase name="testConstructorWithGradeValidation" classname="org.example.StudentTest" time="0.0"/>
  <testcase name="testEquals" classname="org.example.StudentTest" time="0.0"/>
  <testcase name="testChangeName" classname="org.example.StudentTest" time="0.0"/>
  <testcase name="testRestoreDoesNothingIfEmpty" classname="org.example.StudentTest" time="0.001"/>
  <testcase name="testAddStringGrades" classname="org.example.StudentTest" time="0.0"/>
  <testcase name="testEqualsSameReference" classname="org.example.StudentTest" time="0.0"/>
  <testcase name="testAddAndRemoveGrades" classname="org.example.StudentTest" time="0.0"/>
</testsuite>